<?xml version="1.0" encoding="UTF-8"?>
<robot generator="Robot 7.1 (Python 3.12.6 on win32)" generated="2024-10-01T20:36:48.975641" rpa="false" schemaversion="5">
<suite id="s1" name="Teste Pesquisa Smartphone" source="C:\Users\braya\OneDrive\Área de Trabalho\Faculdade\3 semestre\testes-gestao-e-qualidade\AULA_02\Exercicio\teste_pesquisa_smartphone.robot">
<test id="s1-t1" name="Pesquisa de Produto na amazon" line="10">
<kw name="Open Browser" owner="SeleniumLibrary">
<msg time="2024-10-01T20:36:49.274544" level="INFO">Opening browser 'chrome' to base url 'https://www.amazon.com.br'.</msg>
<arg>${URL}</arg>
<arg>${BROWSER}</arg>
<doc>Opens a new browser instance to the optional ``url``.</doc>
<status status="PASS" start="2024-10-01T20:36:49.274544" elapsed="3.888384"/>
</kw>
<kw name="Input Text" owner="SeleniumLibrary">
<msg time="2024-10-01T20:36:53.162928" level="INFO">Typing text 'smartphone' into text field 'id=twotabsearchtextbox'.</msg>
<arg>id=twotabsearchtextbox</arg>
<arg>${PRODUTO}</arg>
<doc>Types the given ``text`` into the text field identified by ``locator``.</doc>
<status status="PASS" start="2024-10-01T20:36:53.162928" elapsed="0.601729"/>
</kw>
<kw name="Click Button" owner="SeleniumLibrary">
<msg time="2024-10-01T20:36:53.768492" level="INFO">Clicking button 'id=nav-search-submit-button'.</msg>
<arg>id=nav-search-submit-button</arg>
<doc>Clicks the button identified by ``locator``.</doc>
<status status="PASS" start="2024-10-01T20:36:53.768492" elapsed="2.545930"/>
</kw>
<kw name="Page Should Contain" owner="SeleniumLibrary">
<msg time="2024-10-01T20:36:56.366246" level="INFO">Current page contains text 'smartphone'.</msg>
<arg>${PRODUTO}</arg>
<doc>Verifies that current page contains ``text``.</doc>
<status status="PASS" start="2024-10-01T20:36:56.314422" elapsed="0.051824"/>
</kw>
<kw name="Close Browser" owner="SeleniumLibrary">
<doc>Closes the current browser.</doc>
<status status="PASS" start="2024-10-01T20:36:56.366246" elapsed="2.335593"/>
</kw>
<status status="PASS" start="2024-10-01T20:36:49.274544" elapsed="9.427295"/>
</test>
<status status="PASS" start="2024-10-01T20:36:48.975641" elapsed="9.726198"/>
</suite>
<statistics>
<total>
<stat pass="1" fail="0" skip="0">All Tests</stat>
</total>
<tag>
</tag>
<suite>
<stat pass="1" fail="0" skip="0" id="s1" name="Teste Pesquisa Smartphone">Teste Pesquisa Smartphone</stat>
</suite>
</statistics>
<errors>
</errors>
</robot>
